<?xml version="1.0" encoding="UTF-8"?>
<robot generator="Robot 7.3.1 (Python 3.13.3 on win32)" generated="2025-07-02T09:38:20.484984" rpa="false" schemaversion="5">
<suite id="s1" name="Rentalstore Click All Nabar Links" source="C:\Users\baker\Desktop\Koulu\GIT_RF_BASICS_vk4\rental-store-robot-tests\rentalstore_click_all_nabar_links.robot">
<test id="s1-t1" name="Navbar Test" line="11">
<kw name="Open RentalStore Website" owner="rentalstore">
<kw name="New Browser" owner="Browser">
<msg time="2025-07-02T09:38:20.679890" level="INFO">{"browser": "chromium", "headless": false, "chromiumSandbox": false, "devtools": false, "handleSIGHUP": true, "handleSIGINT": true, "handleSIGTERM": true, "slowMo": 0.0, "timeout": 30000.0, "tracesDir": "C:\\Users\\baker\\Desktop\\Koulu\\GIT_RF_BASICS_vk4\\rental-store-robot-tests\\browser\\traces\\temp\\1364d997-936d-4add-b987-35360e356114"}</msg>
<msg time="2025-07-02T09:38:20.705987" level="INFO">Starting Browser process C:\Users\baker\Desktop\Koulu\GIT_RF_BASICS_vk4\rental-store-robot-tests\venv\Lib\site-packages\Browser\wrapper\index.js using at 127.0.0.1:60204</msg>
<msg time="2025-07-02T09:38:22.437337" level="INFO">Successfully created browser with options: {"browser":"chromium","headless":false,"chromiumSandbox":false,"devtools":false,"handleSIGHUP":true,"handleSIGINT":true,"handleSIGTERM":true,"slowMo":0,"timeout":30000,"tracesDir":"C:\\Users\\baker\\Desktop\\Koulu\\GIT_RF_BASICS_vk4\\rental-store-robot-tests\\browser\\traces\\temp\\1364d997-936d-4add-b987-35360e356114"}</msg>
<arg>chromium</arg>
<arg>headless=False</arg>
<tag>BrowserControl</tag>
<tag>Setter</tag>
<doc>Create a new playwright Browser with specified options.</doc>
<status status="PASS" start="2025-07-02T09:38:20.679233" elapsed="1.758570"/>
</kw>
<kw name="New Page" owner="Browser">
<msg time="2025-07-02T09:38:23.381501" level="INFO">Successfully initialized new page object and opened url: https://rentalstore.azurewebsites.net/</msg>
<msg time="2025-07-02T09:38:23.381588" level="INFO">No context was open. New context was automatically opened when this page is created.</msg>
<arg>${url}</arg>
<tag>BrowserControl</tag>
<tag>Setter</tag>
<doc>Open a new Page.</doc>
<status status="PASS" start="2025-07-02T09:38:22.438142" elapsed="0.943621"/>
</kw>
<status status="PASS" start="2025-07-02T09:38:20.678617" elapsed="2.703323"/>
</kw>
<kw name="Login To RentalStore" owner="rentalstore">
<kw name="Click" owner="Browser">
<msg time="2025-07-02T09:38:23.383511" level="INFO">Clicks the element 'id=login'.</msg>
<arg>id=login</arg>
<tag>PageContent</tag>
<tag>Setter</tag>
<doc>Simulates mouse click on the element found by ``selector``.</doc>
<status status="PASS" start="2025-07-02T09:38:23.382958" elapsed="0.187924"/>
</kw>
<kw name="Type Text" owner="Browser">
<msg time="2025-07-02T09:38:23.571537" level="INFO">Types the text 'timmy' in the given field.</msg>
<arg>//*[@id="id_username"]</arg>
<arg>${user}</arg>
<tag>PageContent</tag>
<tag>Setter</tag>
<doc>Types the given ``txt`` into the text field found by ``selector``.</doc>
<status status="PASS" start="2025-07-02T09:38:23.571049" elapsed="0.070283"/>
</kw>
<kw name="Type Secret" owner="Browser">
<arg>//*[@id="id_password"]</arg>
<arg>secret=$password</arg>
<tag>PageContent</tag>
<tag>Setter</tag>
<doc>Types the given secret from ``variable_name`` into the text field
found by ``selector``.</doc>
<status status="PASS" start="2025-07-02T09:38:23.641668" elapsed="0.028521"/>
</kw>
<kw name="Click" owner="Browser">
<msg time="2025-07-02T09:38:23.670881" level="INFO">Clicks the element '//*[@type="submit"]'.</msg>
<arg>//*[@type="submit"]</arg>
<tag>PageContent</tag>
<tag>Setter</tag>
<doc>Simulates mouse click on the element found by ``selector``.</doc>
<status status="PASS" start="2025-07-02T09:38:23.670381" elapsed="0.733715"/>
</kw>
<arg>timmy</arg>
<arg>timmy</arg>
<status status="PASS" start="2025-07-02T09:38:23.382416" elapsed="1.021825"/>
</kw>
<kw name="Click All Links in Navbar">
<kw name="Get Elements" owner="Browser">
<msg time="2025-07-02T09:38:24.449209" level="INFO">Found locator('nav a.nav-link').first(),locator('nav a.nav-link').nth(1),locator('nav a.nav-link').nth(2),locator('nav a.nav-link').nth(3),locator('nav a.nav-link').nth(4),locator('nav a.nav-link').nth(5),locator('nav a.nav-link').nth(6) Locators successfully.</msg>
<msg time="2025-07-02T09:38:24.449446" level="INFO">@{nav_links} = [ css=nav a.nav-link &gt;&gt; nth=0 | css=nav a.nav-link &gt;&gt; nth=1 | css=nav a.nav-link &gt;&gt; nth=2 | css=nav a.nav-link &gt;&gt; nth=3 | css=nav a.nav-link &gt;&gt; nth=4 | css=nav a.nav-link &gt;&gt; nth=5 | css=nav a.nav-link...</msg>
<var>@{nav_links}</var>
<arg>css=nav a.nav-link</arg>
<tag>Getter</tag>
<tag>PageContent</tag>
<doc>Returns a reference to Playwright [https://playwright.dev/docs/api/class-locator|Locator]
for all matched elements by ``selector``.</doc>
<status status="PASS" start="2025-07-02T09:38:24.405403" elapsed="0.044072"/>
</kw>
<for flavor="IN">
<iter>
<kw name="Click" owner="Browser">
<msg time="2025-07-02T09:38:24.450498" level="INFO">Clicks the element 'css=nav a.nav-link &gt;&gt; nth=0'.</msg>
<arg>${el}</arg>
<tag>PageContent</tag>
<tag>Setter</tag>
<doc>Simulates mouse click on the element found by ``selector``.</doc>
<status status="PASS" start="2025-07-02T09:38:24.450084" elapsed="0.182653"/>
</kw>
<kw name="Log To Console" owner="BuiltIn">
<arg>Clicked: ${el}</arg>
<doc>Logs the given message to the console.</doc>
<status status="PASS" start="2025-07-02T09:38:24.632983" elapsed="0.000716"/>
</kw>
<kw name="Sleep" owner="BuiltIn">
<msg time="2025-07-02T09:38:26.634730" level="INFO">Slept 2 seconds.</msg>
<arg>2</arg>
<doc>Pauses the test executed for the given time.</doc>
<status status="PASS" start="2025-07-02T09:38:24.633909" elapsed="2.000920"/>
</kw>
<var name="${el}">css=nav a.nav-link &gt;&gt; nth=0</var>
<status status="PASS" start="2025-07-02T09:38:24.449918" elapsed="2.184975"/>
</iter>
<iter>
<kw name="Click" owner="Browser">
<msg time="2025-07-02T09:38:26.635787" level="INFO">Clicks the element 'css=nav a.nav-link &gt;&gt; nth=1'.</msg>
<arg>${el}</arg>
<tag>PageContent</tag>
<tag>Setter</tag>
<doc>Simulates mouse click on the element found by ``selector``.</doc>
<status status="PASS" start="2025-07-02T09:38:26.635335" elapsed="0.245276"/>
</kw>
<kw name="Log To Console" owner="BuiltIn">
<arg>Clicked: ${el}</arg>
<doc>Logs the given message to the console.</doc>
<status status="PASS" start="2025-07-02T09:38:26.880862" elapsed="0.000540"/>
</kw>
<kw name="Sleep" owner="BuiltIn">
<msg time="2025-07-02T09:38:28.882382" level="INFO">Slept 2 seconds.</msg>
<arg>2</arg>
<doc>Pauses the test executed for the given time.</doc>
<status status="PASS" start="2025-07-02T09:38:26.881516" elapsed="2.000962"/>
</kw>
<var name="${el}">css=nav a.nav-link &gt;&gt; nth=1</var>
<status status="PASS" start="2025-07-02T09:38:26.635030" elapsed="2.247510"/>
</iter>
<iter>
<kw name="Click" owner="Browser">
<msg time="2025-07-02T09:38:28.883287" level="INFO">Clicks the element 'css=nav a.nav-link &gt;&gt; nth=2'.</msg>
<arg>${el}</arg>
<tag>PageContent</tag>
<tag>Setter</tag>
<doc>Simulates mouse click on the element found by ``selector``.</doc>
<status status="PASS" start="2025-07-02T09:38:28.882897" elapsed="0.183419"/>
</kw>
<kw name="Log To Console" owner="BuiltIn">
<arg>Clicked: ${el}</arg>
<doc>Logs the given message to the console.</doc>
<status status="PASS" start="2025-07-02T09:38:29.066545" elapsed="0.000705"/>
</kw>
<kw name="Sleep" owner="BuiltIn">
<msg time="2025-07-02T09:38:31.068457" level="INFO">Slept 2 seconds.</msg>
<arg>2</arg>
<doc>Pauses the test executed for the given time.</doc>
<status status="PASS" start="2025-07-02T09:38:29.067478" elapsed="2.001112"/>
</kw>
<var name="${el}">css=nav a.nav-link &gt;&gt; nth=2</var>
<status status="PASS" start="2025-07-02T09:38:28.882667" elapsed="2.186012"/>
</iter>
<iter>
<kw name="Click" owner="Browser">
<msg time="2025-07-02T09:38:31.069713" level="INFO">Clicks the element 'css=nav a.nav-link &gt;&gt; nth=3'.</msg>
<arg>${el}</arg>
<tag>PageContent</tag>
<tag>Setter</tag>
<doc>Simulates mouse click on the element found by ``selector``.</doc>
<status status="PASS" start="2025-07-02T09:38:31.069163" elapsed="0.182239"/>
</kw>
<kw name="Log To Console" owner="BuiltIn">
<arg>Clicked: ${el}</arg>
<doc>Logs the given message to the console.</doc>
<status status="PASS" start="2025-07-02T09:38:31.251620" elapsed="0.000688"/>
</kw>
<kw name="Sleep" owner="BuiltIn">
<msg time="2025-07-02T09:38:33.253573" level="INFO">Slept 2 seconds.</msg>
<arg>2</arg>
<doc>Pauses the test executed for the given time.</doc>
<status status="PASS" start="2025-07-02T09:38:31.252491" elapsed="2.001181"/>
</kw>
<var name="${el}">css=nav a.nav-link &gt;&gt; nth=3</var>
<status status="PASS" start="2025-07-02T09:38:31.068861" elapsed="2.184877"/>
</iter>
<iter>
<kw name="Click" owner="Browser">
<msg time="2025-07-02T09:38:33.255007" level="INFO">Clicks the element 'css=nav a.nav-link &gt;&gt; nth=4'.</msg>
<arg>${el}</arg>
<tag>PageContent</tag>
<tag>Setter</tag>
<doc>Simulates mouse click on the element found by ``selector``.</doc>
<status status="PASS" start="2025-07-02T09:38:33.254121" elapsed="0.163142"/>
</kw>
<kw name="Log To Console" owner="BuiltIn">
<arg>Clicked: ${el}</arg>
<doc>Logs the given message to the console.</doc>
<status status="PASS" start="2025-07-02T09:38:33.417514" elapsed="0.000648"/>
</kw>
<kw name="Sleep" owner="BuiltIn">
<msg time="2025-07-02T09:38:35.419070" level="INFO">Slept 2 seconds.</msg>
<arg>2</arg>
<doc>Pauses the test executed for the given time.</doc>
<status status="PASS" start="2025-07-02T09:38:33.418368" elapsed="2.000952"/>
</kw>
<var name="${el}">css=nav a.nav-link &gt;&gt; nth=4</var>
<status status="PASS" start="2025-07-02T09:38:33.253865" elapsed="2.165540"/>
</iter>
<iter>
<kw name="Click" owner="Browser">
<msg time="2025-07-02T09:38:35.420279" level="INFO">Clicks the element 'css=nav a.nav-link &gt;&gt; nth=5'.</msg>
<arg>${el}</arg>
<tag>PageContent</tag>
<tag>Setter</tag>
<doc>Simulates mouse click on the element found by ``selector``.</doc>
<status status="PASS" start="2025-07-02T09:38:35.419778" elapsed="0.387152"/>
</kw>
<kw name="Log To Console" owner="BuiltIn">
<arg>Clicked: ${el}</arg>
<doc>Logs the given message to the console.</doc>
<status status="PASS" start="2025-07-02T09:38:35.807168" elapsed="0.000654"/>
</kw>
<kw name="Sleep" owner="BuiltIn">
<msg time="2025-07-02T09:38:37.808431" level="INFO">Slept 2 seconds.</msg>
<arg>2</arg>
<doc>Pauses the test executed for the given time.</doc>
<status status="PASS" start="2025-07-02T09:38:35.807988" elapsed="2.000540"/>
</kw>
<var name="${el}">css=nav a.nav-link &gt;&gt; nth=5</var>
<status status="PASS" start="2025-07-02T09:38:35.419540" elapsed="2.389051"/>
</iter>
<iter>
<kw name="Click" owner="Browser">
<msg time="2025-07-02T09:38:37.809328" level="INFO">Clicks the element 'css=nav a.nav-link &gt;&gt; nth=6'.</msg>
<arg>${el}</arg>
<tag>PageContent</tag>
<tag>Setter</tag>
<doc>Simulates mouse click on the element found by ``selector``.</doc>
<status status="PASS" start="2025-07-02T09:38:37.808933" elapsed="0.238676"/>
</kw>
<kw name="Log To Console" owner="BuiltIn">
<arg>Clicked: ${el}</arg>
<doc>Logs the given message to the console.</doc>
<status status="PASS" start="2025-07-02T09:38:38.047784" elapsed="0.000601"/>
</kw>
<kw name="Sleep" owner="BuiltIn">
<msg time="2025-07-02T09:38:40.049074" level="INFO">Slept 2 seconds.</msg>
<arg>2</arg>
<doc>Pauses the test executed for the given time.</doc>
<status status="PASS" start="2025-07-02T09:38:38.048599" elapsed="2.000571"/>
</kw>
<var name="${el}">css=nav a.nav-link &gt;&gt; nth=6</var>
<status status="PASS" start="2025-07-02T09:38:37.808709" elapsed="2.240522"/>
</iter>
<var>${el}</var>
<value>@{nav_links}</value>
<status status="PASS" start="2025-07-02T09:38:24.449597" elapsed="15.599676"/>
</for>
<doc>This test case demonstrates the use of for loops</doc>
<status status="PASS" start="2025-07-02T09:38:24.404837" elapsed="15.644515"/>
</kw>
<msg time="2025-07-02T09:38:40.063739" level="INFO">Switching context to context=2149eff6-4fac-414f-b186-89407d4a9f8c in CURRENT</msg>
<msg time="2025-07-02T09:38:40.071246" level="INFO">Successfully changed active context: context=2149eff6-4fac-414f-b186-89407d4a9f8c</msg>
<msg time="2025-07-02T09:38:40.130651" level="INFO">Successfully closed Context</msg>
<status status="PASS" start="2025-07-02T09:38:20.677902" elapsed="19.371750"/>
</test>
<status status="PASS" start="2025-07-02T09:38:20.486233" elapsed="19.646007"/>
</suite>
<statistics>
<total>
<stat pass="1" fail="0" skip="0">All Tests</stat>
</total>
<tag>
</tag>
<suite>
<stat name="Rentalstore Click All Nabar Links" id="s1" pass="1" fail="0" skip="0">Rentalstore Click All Nabar Links</stat>
</suite>
</statistics>
<errors>
</errors>
</robot>
